# JRE version: Java(TM) SE Runtime Environment (8.0_101-b13) (build 1.8.0_101-b13)
# Java VM: Java HotSpot(TM) 64-Bit Server VM (25.101-b13 mixed mode bsd-amd64 compressed oops)
Heap:
 PSYoungGen      total 585216K, used 283833K [0x000000076ab00000, 0x0000000790d80000, 0x00000007c0000000)
  eden space 574464K, 49% used [0x000000076ab00000,0x000000077c02e7e8,0x000000078dc00000)
  from space 10752K, 0% used [0x000000078dc00000,0x000000078dc00000,0x000000078e680000)
  to   space 25088K, 0% used [0x000000078f500000,0x000000078f500000,0x0000000790d80000)
 ParOldGen       total 198656K, used 42410K [0x00000006c0000000, 0x00000006cc200000, 0x000000076ab00000)
  object space 198656K, 21% used [0x00000006c0000000,0x00000006c296a900,0x00000006cc200000)
 Metaspace       used 77577K, capacity 81219K, committed 81428K, reserved 1120256K
  class space    used 10338K, capacity 10989K, committed 11028K, reserved 1048576K
GC Heap History (10 events):
Event: 101.852 GC heap before
{Heap before GC invocations=14 (full 3):
 PSYoungGen      total 491520K, used 472064K [0x000000076ab00000, 0x000000078a400000, 0x00000007c0000000)
  eden space 472064K, 100% used [0x000000076ab00000,0x0000000787800000,0x0000000787800000)
  from space 19456K, 0% used [0x0000000788e00000,0x0000000788e00000,0x000000078a100000)
  to   space 22528K, 0% used [0x0000000787800000,0x0000000787800000,0x0000000788e00000)
 ParOldGen       total 198656K, used 33741K [0x00000006c0000000, 0x00000006cc200000, 0x000000076ab00000)
  object space 198656K, 16% used [0x00000006c0000000,0x00000006c20f35a8,0x00000006cc200000)
 Metaspace       used 74938K, capacity 78091K, committed 78356K, reserved 1116160K
  class space    used 10189K, capacity 10727K, committed 10772K, reserved 1048576K
Event: 101.869 GC heap after
Heap after GC invocations=14 (full 3):
 PSYoungGen      total 494592K, used 22519K [0x000000076ab00000, 0x0000000790f80000, 0x00000007c0000000)
  eden space 472064K, 0% used [0x000000076ab00000,0x000000076ab00000,0x0000000787800000)
  from space 22528K, 99% used [0x0000000787800000,0x0000000788dfdda8,0x0000000788e00000)
  to   space 26112K, 0% used [0x000000078f600000,0x000000078f600000,0x0000000790f80000)
 ParOldGen       total 198656K, used 35195K [0x00000006c0000000, 0x00000006cc200000, 0x000000076ab00000)
  object space 198656K, 17% used [0x00000006c0000000,0x00000006c225edc0,0x00000006cc200000)
 Metaspace       used 74938K, capacity 78091K, committed 78356K, reserved 1116160K
  class space    used 10189K, capacity 10727K, committed 10772K, reserved 1048576K
}
Event: 203.594 GC heap before
{Heap before GC invocations=15 (full 3):
 PSYoungGen      total 494592K, used 84169K [0x000000076ab00000, 0x0000000790f80000, 0x00000007c0000000)
  eden space 472064K, 13% used [0x000000076ab00000,0x000000076e7348d8,0x0000000787800000)
  from space 22528K, 99% used [0x0000000787800000,0x0000000788dfdda8,0x0000000788e00000)
  to   space 26112K, 0% used [0x000000078f600000,0x000000078f600000,0x0000000790f80000)
 ParOldGen       total 198656K, used 35195K [0x00000006c0000000, 0x00000006cc200000, 0x000000076ab00000)
  object space 198656K, 17% used [0x00000006c0000000,0x00000006c225edc0,0x00000006cc200000)
 Metaspace       used 75145K, capacity 78415K, committed 78740K, reserved 1118208K
  class space    used 10215K, capacity 10780K, committed 10900K, reserved 1048576K
Event: 203.601 GC heap after
Heap after GC invocations=15 (full 3):
 PSYoungGen      total 600576K, used 576K [0x000000076ab00000, 0x0000000791080000, 0x00000007c0000000)
  eden space 574464K, 0% used [0x000000076ab00000,0x000000076ab00000,0x000000078dc00000)
  from space 26112K, 2% used [0x000000078f600000,0x000000078f690000,0x0000000790f80000)
  to   space 26624K, 0% used [0x000000078dc00000,0x000000078dc00000,0x000000078f600000)
 ParOldGen       total 198656K, used 44801K [0x00000006c0000000, 0x00000006cc200000, 0x000000076ab00000)
  object space 198656K, 22% used [0x00000006c0000000,0x00000006c2bc0760,0x00000006cc200000)
 Metaspace       used 75145K, capacity 78415K, committed 78740K, reserved 1118208K
  class space    used 10215K, capacity 10780K, committed 10900K, reserved 1048576K
}
Event: 203.601 GC heap before
{Heap before GC invocations=16 (full 4):
 PSYoungGen      total 600576K, used 576K [0x000000076ab00000, 0x0000000791080000, 0x00000007c0000000)
  eden space 574464K, 0% used [0x000000076ab00000,0x000000076ab00000,0x000000078dc00000)
  from space 26112K, 2% used [0x000000078f600000,0x000000078f690000,0x0000000790f80000)
  to   space 26624K, 0% used [0x000000078dc00000,0x000000078dc00000,0x000000078f600000)
 ParOldGen       total 198656K, used 44801K [0x00000006c0000000, 0x00000006cc200000, 0x000000076ab00000)
  object space 198656K, 22% used [0x00000006c0000000,0x00000006c2bc0760,0x00000006cc200000)
 Metaspace       used 75145K, capacity 78415K, committed 78740K, reserved 1118208K
  class space    used 10215K, capacity 10780K, committed 10900K, reserved 1048576K
Event: 203.752 GC heap after
Heap after GC invocations=16 (full 4):
 PSYoungGen      total 600576K, used 0K [0x000000076ab00000, 0x0000000791080000, 0x00000007c0000000)
  eden space 574464K, 0% used [0x000000076ab00000,0x000000076ab00000,0x000000078dc00000)
  from space 26112K, 0% used [0x000000078f600000,0x000000078f600000,0x0000000790f80000)
  to   space 26624K, 0% used [0x000000078dc00000,0x000000078dc00000,0x000000078f600000)
 ParOldGen       total 198656K, used 33529K [0x00000006c0000000, 0x00000006cc200000, 0x000000076ab00000)
  object space 198656K, 16% used [0x00000006c0000000,0x00000006c20be4e8,0x00000006cc200000)
 Metaspace       used 75130K, capacity 78391K, committed 78740K, reserved 1118208K
  class space    used 10213K, capacity 10776K, committed 10900K, reserved 1048576K
}
Event: 208.163 GC heap before
{Heap before GC invocations=17 (full 4):
 PSYoungGen      total 600576K, used 307087K [0x000000076ab00000, 0x0000000791080000, 0x00000007c0000000)
  eden space 574464K, 53% used [0x000000076ab00000,0x000000077d6e3f30,0x000000078dc00000)
  from space 26112K, 0% used [0x000000078f600000,0x000000078f600000,0x0000000790f80000)
  to   space 26624K, 0% used [0x000000078dc00000,0x000000078dc00000,0x000000078f600000)
 ParOldGen       total 198656K, used 33529K [0x00000006c0000000, 0x00000006cc200000, 0x000000076ab00000)
  object space 198656K, 16% used [0x00000006c0000000,0x00000006c20be4e8,0x00000006cc200000)
 Metaspace       used 76462K, capacity 79885K, committed 80020K, reserved 1118208K
  class space    used 10277K, capacity 10886K, committed 10900K, reserved 1048576K
Event: 208.171 GC heap after
Heap after GC invocations=17 (full 4):
 PSYoungGen      total 585216K, used 10405K [0x000000076ab00000, 0x0000000790d80000, 0x00000007c0000000)
  eden space 574464K, 0% used [0x000000076ab00000,0x000000076ab00000,0x000000078dc00000)
  from space 10752K, 96% used [0x000000078dc00000,0x000000078e629460,0x000000078e680000)
  to   space 25088K, 0% used [0x000000078f500000,0x000000078f500000,0x0000000790d80000)
 ParOldGen       total 198656K, used 33537K [0x00000006c0000000, 0x00000006cc200000, 0x000000076ab00000)
  object space 198656K, 16% used [0x00000006c0000000,0x00000006c20c04e8,0x00000006cc200000)
 Metaspace       used 76462K, capacity 79885K, committed 80020K, reserved 1118208K
  class space    used 10277K, capacity 10886K, committed 10900K, reserved 1048576K
}
Event: 208.171 GC heap before
{Heap before GC invocations=18 (full 5):
 PSYoungGen      total 585216K, used 10405K [0x000000076ab00000, 0x0000000790d80000, 0x00000007c0000000)
  eden space 574464K, 0% used [0x000000076ab00000,0x000000076ab00000,0x000000078dc00000)
  from space 10752K, 96% used [0x000000078dc00000,0x000000078e629460,0x000000078e680000)
  to   space 25088K, 0% used [0x000000078f500000,0x000000078f500000,0x0000000790d80000)
 ParOldGen       total 198656K, used 33537K [0x00000006c0000000, 0x00000006cc200000, 0x000000076ab00000)
  object space 198656K, 16% used [0x00000006c0000000,0x00000006c20c04e8,0x00000006cc200000)
 Metaspace       used 76462K, capacity 79885K, committed 80020K, reserved 1118208K
  class space    used 10277K, capacity 10886K, committed 10900K, reserved 1048576K
Event: 208.376 GC heap after
Heap after GC invocations=18 (full 5):
 PSYoungGen      total 585216K, used 0K [0x000000076ab00000, 0x0000000790d80000, 0x00000007c0000000)
  eden space 574464K, 0% used [0x000000076ab00000,0x000000076ab00000,0x000000078dc00000)
  from space 10752K, 0% used [0x000000078dc00000,0x000000078dc00000,0x000000078e680000)
  to   space 25088K, 0% used [0x000000078f500000,0x000000078f500000,0x0000000790d80000)
 ParOldGen       total 198656K, used 42410K [0x00000006c0000000, 0x00000006cc200000, 0x000000076ab00000)
  object space 198656K, 21% used [0x00000006c0000000,0x00000006c296a900,0x00000006cc200000)
 Metaspace       used 76447K, capacity 79861K, committed 80020K, reserved 1118208K
  class space    used 10275K, capacity 10882K, committed 10900K, reserved 1048576K
}

